1553611418398	mozrunner::runner	INFO	Running command: "/usr/bin/firefox" "-marionette" "-foreground" "-no-remote" "-profile" "/tmp/rust_mozprofile.rkSn5y9akPWw"
1553611418714	addons.webextension.screenshots@mozilla.org	WARN	Loading extension 'screenshots@mozilla.org': Reading manifest: Invalid extension permission: mozillaAddons
1553611418714	addons.webextension.screenshots@mozilla.org	WARN	Loading extension 'screenshots@mozilla.org': Reading manifest: Invalid extension permission: resource://pdf.js/
1553611418714	addons.webextension.screenshots@mozilla.org	WARN	Loading extension 'screenshots@mozilla.org': Reading manifest: Invalid extension permission: about:reader*
1553611420033	Marionette	INFO	Listening on port 36397
1553611420103	Marionette	WARN	TLS certificate errors will be ignored for this session

(firefox:13716): GLib-GObject-WARNING **: /build/glib2.0-7ZsPUq/glib2.0-2.48.2/./gobject/gsignal.c:3486: signal name 'selection_changed' is invalid for instance '0x7fd7c06c25b0' of type 'MaiAtkType139'

(firefox:13716): GLib-GObject-WARNING **: /build/glib2.0-7ZsPUq/glib2.0-2.48.2/./gobject/gsignal.c:3486: signal name 'selection_changed' is invalid for instance '0x7fd7c06c2830' of type 'MaiAtkType139'
1553611428234	Marionette	INFO	Stopped listening on port 36397

###!!! [Child][RunMessage] Error: Channel closing: too late to send/recv, messages will be lost

[Parent 13716, Gecko_IOThread] WARNING: pipe error (78): Connection reset by peer: file /build/firefox-Gsoawr/firefox-66.0.1+build1/ipc/chromium/src/chrome/common/ipc_channel_posix.cc, line 357
1556049065006	mozrunner::runner	INFO	Running command: "/usr/bin/firefox" "-marionette" "-foreground" "-no-remote" "-profile" "/tmp/rust_mozprofile.38aT8THmfn9t"
1556049065697	addons.webextension.screenshots@mozilla.org	WARN	Loading extension 'screenshots@mozilla.org': Reading manifest: Invalid extension permission: mozillaAddons
1556049065697	addons.webextension.screenshots@mozilla.org	WARN	Loading extension 'screenshots@mozilla.org': Reading manifest: Invalid extension permission: resource://pdf.js/
1556049065697	addons.webextension.screenshots@mozilla.org	WARN	Loading extension 'screenshots@mozilla.org': Reading manifest: Invalid extension permission: about:reader*
1556049067104	Marionette	INFO	Listening on port 37435
1556049067116	Marionette	WARN	TLS certificate errors will be ignored for this session

(firefox:15030): GLib-GObject-WARNING **: /build/glib2.0-7ZsPUq/glib2.0-2.48.2/./gobject/gsignal.c:3486: signal name 'selection_changed' is invalid for instance '0x7fa4abb925b0' of type 'MaiAtkType139'

(firefox:15030): GLib-GObject-WARNING **: /build/glib2.0-7ZsPUq/glib2.0-2.48.2/./gobject/gsignal.c:3486: signal name 'selection_changed' is invalid for instance '0x7fa4abb92830' of type 'MaiAtkType139'
1556049073785	Marionette	INFO	Stopped listening on port 37435
[Parent 15030, Gecko_IOThread] WARNING: pipe error (78): Connection reset by peer: file /build/firefox-i2nBcb/firefox-66.0.3+build1/ipc/chromium/src/chrome/common/ipc_channel_posix.cc, line 357
[Parent 15030, Gecko_IOThread] WARNING: pipe error (81): Connection reset by peer: file /build/firefox-i2nBcb/firefox-66.0.3+build1/ipc/chromium/src/chrome/common/ipc_channel_posix.cc, line 357
1556049251431	mozrunner::runner	INFO	Running command: "/usr/bin/firefox" "-marionette" "-foreground" "-no-remote" "-profile" "/tmp/rust_mozprofile.J7fh19Ray1YW"
1556049251749	addons.webextension.screenshots@mozilla.org	WARN	Loading extension 'screenshots@mozilla.org': Reading manifest: Invalid extension permission: mozillaAddons
1556049251750	addons.webextension.screenshots@mozilla.org	WARN	Loading extension 'screenshots@mozilla.org': Reading manifest: Invalid extension permission: resource://pdf.js/
1556049251750	addons.webextension.screenshots@mozilla.org	WARN	Loading extension 'screenshots@mozilla.org': Reading manifest: Invalid extension permission: about:reader*
1556049253138	Marionette	INFO	Listening on port 35457
1556049253237	Marionette	WARN	TLS certificate errors will be ignored for this session

(firefox:15732): GLib-GObject-WARNING **: /build/glib2.0-7ZsPUq/glib2.0-2.48.2/./gobject/gsignal.c:3486: signal name 'selection_changed' is invalid for instance '0x7fb7a662c0b0' of type 'MaiAtkType139'

(firefox:15732): GLib-GObject-WARNING **: /build/glib2.0-7ZsPUq/glib2.0-2.48.2/./gobject/gsignal.c:3486: signal name 'selection_changed' is invalid for instance '0x7fb7a662c420' of type 'MaiAtkType139'
1556049292214	Marionette	INFO	Stopped listening on port 35457
1556049540878	mozrunner::runner	INFO	Running command: "/usr/bin/firefox" "-marionette" "-foreground" "-no-remote" "-profile" "/tmp/rust_mozprofile.hjZroAlMMOiu"
1556049541197	addons.webextension.screenshots@mozilla.org	WARN	Loading extension 'screenshots@mozilla.org': Reading manifest: Invalid extension permission: mozillaAddons
1556049541198	addons.webextension.screenshots@mozilla.org	WARN	Loading extension 'screenshots@mozilla.org': Reading manifest: Invalid extension permission: resource://pdf.js/
1556049541198	addons.webextension.screenshots@mozilla.org	WARN	Loading extension 'screenshots@mozilla.org': Reading manifest: Invalid extension permission: about:reader*
1556049542555	Marionette	INFO	Listening on port 34809
1556049542588	Marionette	WARN	TLS certificate errors will be ignored for this session

(firefox:16577): GLib-GObject-WARNING **: /build/glib2.0-7ZsPUq/glib2.0-2.48.2/./gobject/gsignal.c:3486: signal name 'selection_changed' is invalid for instance '0x7f940d8b2ec0' of type 'MaiAtkType139'

(firefox:16577): GLib-GObject-WARNING **: /build/glib2.0-7ZsPUq/glib2.0-2.48.2/./gobject/gsignal.c:3486: signal name 'selection_changed' is invalid for instance '0x7f9408b071a0' of type 'MaiAtkType139'

(firefox:16577): GLib-GObject-WARNING **: /build/glib2.0-7ZsPUq/glib2.0-2.48.2/./gobject/gsignal.c:3486: signal name 'selection_changed' is invalid for instance '0x7f9408a1d9c0' of type 'MaiAtkType139'
1556049551725	Marionette	INFO	Stopped listening on port 34809
[Parent 16577, Gecko_IOThread] WARNING: pipe error (78): Connection reset by peer: file /build/firefox-i2nBcb/firefox-66.0.3+build1/ipc/chromium/src/chrome/common/ipc_channel_posix.cc, line 357
1556049670177	mozrunner::runner	INFO	Running command: "/usr/bin/firefox" "-marionette" "-foreground" "-no-remote" "-profile" "/tmp/rust_mozprofile.PO4whrB6qn2h"
1556049670492	addons.webextension.screenshots@mozilla.org	WARN	Loading extension 'screenshots@mozilla.org': Reading manifest: Invalid extension permission: mozillaAddons
1556049670492	addons.webextension.screenshots@mozilla.org	WARN	Loading extension 'screenshots@mozilla.org': Reading manifest: Invalid extension permission: resource://pdf.js/
1556049670492	addons.webextension.screenshots@mozilla.org	WARN	Loading extension 'screenshots@mozilla.org': Reading manifest: Invalid extension permission: about:reader*
1556049671891	Marionette	INFO	Listening on port 45031
1556049671983	Marionette	WARN	TLS certificate errors will be ignored for this session

(firefox:17135): GLib-GObject-WARNING **: /build/glib2.0-7ZsPUq/glib2.0-2.48.2/./gobject/gsignal.c:3486: signal name 'selection_changed' is invalid for instance '0x7fab63c601f0' of type 'MaiAtkType139'

(firefox:17135): GLib-GObject-WARNING **: /build/glib2.0-7ZsPUq/glib2.0-2.48.2/./gobject/gsignal.c:3486: signal name 'selection_changed' is invalid for instance '0x7fab63c60470' of type 'MaiAtkType139'

(firefox:17135): GLib-GObject-WARNING **: /build/glib2.0-7ZsPUq/glib2.0-2.48.2/./gobject/gsignal.c:3486: signal name 'selection_changed' is invalid for instance '0x7fab5fca2740' of type 'MaiAtkType139'
Exiting due to channel error.
[GFX1-]: Receive IPC close with reason=AbnormalShutdown
[Child 17294, Chrome_ChildThread] WARNING: pipe error (3): Connection reset by peer: file /build/firefox-i2nBcb/firefox-66.0.3+build1/ipc/chromium/src/chrome/common/ipc_channel_posix.cc, line 357
Exiting due to channel error.
Exiting due to channel error.
1556049753156	mozrunner::runner	INFO	Running command: "/usr/bin/firefox" "-marionette" "-foreground" "-no-remote" "-profile" "/tmp/rust_mozprofile.AMbVQtmXTz9h"
1556049753473	addons.webextension.screenshots@mozilla.org	WARN	Loading extension 'screenshots@mozilla.org': Reading manifest: Invalid extension permission: mozillaAddons
1556049753473	addons.webextension.screenshots@mozilla.org	WARN	Loading extension 'screenshots@mozilla.org': Reading manifest: Invalid extension permission: resource://pdf.js/
1556049753473	addons.webextension.screenshots@mozilla.org	WARN	Loading extension 'screenshots@mozilla.org': Reading manifest: Invalid extension permission: about:reader*
1556049754929	Marionette	INFO	Listening on port 37637
1556049754969	Marionette	WARN	TLS certificate errors will be ignored for this session

(firefox:17605): GLib-GObject-WARNING **: /build/glib2.0-7ZsPUq/glib2.0-2.48.2/./gobject/gsignal.c:3486: signal name 'selection_changed' is invalid for instance '0x7fcf0b72e650' of type 'MaiAtkType139'

(firefox:17605): GLib-GObject-WARNING **: /build/glib2.0-7ZsPUq/glib2.0-2.48.2/./gobject/gsignal.c:3486: signal name 'selection_changed' is invalid for instance '0x7fcf0c6d0ec0' of type 'MaiAtkType139'
JavaScript error: chrome://marionette/content/proxy.js, line 275: NS_ERROR_ILLEGAL_VALUE
[Parent 17605, Gecko_IOThread] WARNING: pipe error (109): Connection reset by peer: file /build/firefox-i2nBcb/firefox-66.0.3+build1/ipc/chromium/src/chrome/common/ipc_channel_posix.cc, line 357
1556049788275	Marionette	INFO	Stopped listening on port 37637
1556049791598	mozrunner::runner	INFO	Running command: "/usr/bin/firefox" "-marionette" "-foreground" "-no-remote" "-profile" "/tmp/rust_mozprofile.dEIYzSjtMDU9"
1556049791913	addons.webextension.screenshots@mozilla.org	WARN	Loading extension 'screenshots@mozilla.org': Reading manifest: Invalid extension permission: mozillaAddons
1556049791913	addons.webextension.screenshots@mozilla.org	WARN	Loading extension 'screenshots@mozilla.org': Reading manifest: Invalid extension permission: resource://pdf.js/
1556049791913	addons.webextension.screenshots@mozilla.org	WARN	Loading extension 'screenshots@mozilla.org': Reading manifest: Invalid extension permission: about:reader*
1556049793312	Marionette	INFO	Listening on port 36561
1556049793408	Marionette	WARN	TLS certificate errors will be ignored for this session

(firefox:18012): GLib-GObject-WARNING **: /build/glib2.0-7ZsPUq/glib2.0-2.48.2/./gobject/gsignal.c:3486: signal name 'selection_changed' is invalid for instance '0x7f1d57550b00' of type 'MaiAtkType139'

(firefox:18012): GLib-GObject-WARNING **: /build/glib2.0-7ZsPUq/glib2.0-2.48.2/./gobject/gsignal.c:3486: signal name 'selection_changed' is invalid for instance '0x7f1d5b2f0e70' of type 'MaiAtkType139'

(firefox:18012): GLib-GObject-WARNING **: /build/glib2.0-7ZsPUq/glib2.0-2.48.2/./gobject/gsignal.c:3486: signal name 'selection_changed' is invalid for instance '0x7f1d5b218fb0' of type 'MaiAtkType139'
1556049800763	Marionette	INFO	Stopped listening on port 36561
[Parent 18012, Gecko_IOThread] WARNING: pipe error (64): Connection reset by peer: file /build/firefox-i2nBcb/firefox-66.0.3+build1/ipc/chromium/src/chrome/common/ipc_channel_posix.cc, line 357
[Parent 18012, Gecko_IOThread] WARNING: pipe error (78): Connection reset by peer: file /build/firefox-i2nBcb/firefox-66.0.3+build1/ipc/chromium/src/chrome/common/ipc_channel_posix.cc, line 357
1556049890170	mozrunner::runner	INFO	Running command: "/usr/bin/firefox" "-marionette" "-foreground" "-no-remote" "-profile" "/tmp/rust_mozprofile.dp27Hc1EPlAJ"
1556049890480	addons.webextension.screenshots@mozilla.org	WARN	Loading extension 'screenshots@mozilla.org': Reading manifest: Invalid extension permission: mozillaAddons
1556049890480	addons.webextension.screenshots@mozilla.org	WARN	Loading extension 'screenshots@mozilla.org': Reading manifest: Invalid extension permission: resource://pdf.js/
1556049890480	addons.webextension.screenshots@mozilla.org	WARN	Loading extension 'screenshots@mozilla.org': Reading manifest: Invalid extension permission: about:reader*
1556049891827	Marionette	INFO	Listening on port 40953
1556049891879	Marionette	WARN	TLS certificate errors will be ignored for this session

(firefox:18403): GLib-GObject-WARNING **: /build/glib2.0-7ZsPUq/glib2.0-2.48.2/./gobject/gsignal.c:3486: signal name 'selection_changed' is invalid for instance '0x7f59e4a29830' of type 'MaiAtkType139'

(firefox:18403): GLib-GObject-WARNING **: /build/glib2.0-7ZsPUq/glib2.0-2.48.2/./gobject/gsignal.c:3486: signal name 'selection_changed' is invalid for instance '0x7f59e4a29b00' of type 'MaiAtkType139'

(firefox:18403): GLib-GObject-WARNING **: /build/glib2.0-7ZsPUq/glib2.0-2.48.2/./gobject/gsignal.c:3486: signal name 'selection_changed' is invalid for instance '0x7f59e1f1e290' of type 'MaiAtkType139'
1556049899366	Marionette	INFO	Stopped listening on port 40953
[Parent 18403, Gecko_IOThread] WARNING: pipe error (78): Connection reset by peer: file /build/firefox-i2nBcb/firefox-66.0.3+build1/ipc/chromium/src/chrome/common/ipc_channel_posix.cc, line 357
[Parent 18403, Gecko_IOThread] WARNING: pipe error (95): Connection reset by peer: file /build/firefox-i2nBcb/firefox-66.0.3+build1/ipc/chromium/src/chrome/common/ipc_channel_posix.cc, line 357
1556051007379	mozrunner::runner	INFO	Running command: "/usr/bin/firefox" "-marionette" "-foreground" "-no-remote" "-profile" "/tmp/rust_mozprofile.NziJymRzrPkd"
1556051007679	addons.webextension.screenshots@mozilla.org	WARN	Loading extension 'screenshots@mozilla.org': Reading manifest: Invalid extension permission: mozillaAddons
1556051007680	addons.webextension.screenshots@mozilla.org	WARN	Loading extension 'screenshots@mozilla.org': Reading manifest: Invalid extension permission: resource://pdf.js/
1556051007680	addons.webextension.screenshots@mozilla.org	WARN	Loading extension 'screenshots@mozilla.org': Reading manifest: Invalid extension permission: about:reader*
1556051009030	Marionette	INFO	Listening on port 42365
1556051009092	Marionette	WARN	TLS certificate errors will be ignored for this session

(firefox:20911): GLib-GObject-WARNING **: /build/glib2.0-7ZsPUq/glib2.0-2.48.2/./gobject/gsignal.c:3486: signal name 'selection_changed' is invalid for instance '0x7fc8b1373330' of type 'MaiAtkType139'

(firefox:20911): GLib-GObject-WARNING **: /build/glib2.0-7ZsPUq/glib2.0-2.48.2/./gobject/gsignal.c:3486: signal name 'selection_changed' is invalid for instance '0x7fc8b1373560' of type 'MaiAtkType139'
1556051015285	Marionette	INFO	Stopped listening on port 42365
[Parent 20911, Gecko_IOThread] WARNING: pipe error (78): Connection reset by peer: file /build/firefox-i2nBcb/firefox-66.0.3+build1/ipc/chromium/src/chrome/common/ipc_channel_posix.cc, line 357
[Parent 20911, Gecko_IOThread] WARNING: pipe error (95): Connection reset by peer: file /build/firefox-i2nBcb/firefox-66.0.3+build1/ipc/chromium/src/chrome/common/ipc_channel_posix.cc, line 357
1556105488301	mozrunner::runner	INFO	Running command: "/usr/bin/firefox" "-marionette" "-foreground" "-no-remote" "-profile" "/tmp/rust_mozprofile.7sgwms5dFF0S"
1556105488609	addons.webextension.screenshots@mozilla.org	WARN	Loading extension 'screenshots@mozilla.org': Reading manifest: Invalid extension permission: mozillaAddons
1556105488609	addons.webextension.screenshots@mozilla.org	WARN	Loading extension 'screenshots@mozilla.org': Reading manifest: Invalid extension permission: resource://pdf.js/
1556105488609	addons.webextension.screenshots@mozilla.org	WARN	Loading extension 'screenshots@mozilla.org': Reading manifest: Invalid extension permission: about:reader*
1556105489910	Marionette	INFO	Listening on port 33201
1556105490007	Marionette	WARN	TLS certificate errors will be ignored for this session

(firefox:12419): GLib-GObject-WARNING **: /build/glib2.0-7ZsPUq/glib2.0-2.48.2/./gobject/gsignal.c:3486: signal name 'selection_changed' is invalid for instance '0x7f290eba28d0' of type 'MaiAtkType139'

(firefox:12419): GLib-GObject-WARNING **: /build/glib2.0-7ZsPUq/glib2.0-2.48.2/./gobject/gsignal.c:3486: signal name 'selection_changed' is invalid for instance '0x7f290eba2b50' of type 'MaiAtkType139'
1556105497528	Marionette	INFO	Stopped listening on port 33201
[Parent 12419, Gecko_IOThread] WARNING: pipe error (78): Connection reset by peer: file /build/firefox-i2nBcb/firefox-66.0.3+build1/ipc/chromium/src/chrome/common/ipc_channel_posix.cc, line 357
[Parent 12419, Gecko_IOThread] WARNING: pipe error (95): Connection reset by peer: file /build/firefox-i2nBcb/firefox-66.0.3+build1/ipc/chromium/src/chrome/common/ipc_channel_posix.cc, line 357
1556109808241	mozrunner::runner	INFO	Running command: "/usr/bin/firefox" "-marionette" "-foreground" "-no-remote" "-profile" "/tmp/rust_mozprofile.OAmH3IPksy0g"
1556109808618	addons.webextension.screenshots@mozilla.org	WARN	Loading extension 'screenshots@mozilla.org': Reading manifest: Invalid extension permission: mozillaAddons
1556109808618	addons.webextension.screenshots@mozilla.org	WARN	Loading extension 'screenshots@mozilla.org': Reading manifest: Invalid extension permission: resource://pdf.js/
1556109808619	addons.webextension.screenshots@mozilla.org	WARN	Loading extension 'screenshots@mozilla.org': Reading manifest: Invalid extension permission: about:reader*
1556109809984	Marionette	INFO	Listening on port 36795
1556109810056	Marionette	WARN	TLS certificate errors will be ignored for this session

(firefox:8076): GLib-GObject-WARNING **: /build/glib2.0-7ZsPUq/glib2.0-2.48.2/./gobject/gsignal.c:3486: signal name 'selection_changed' is invalid for instance '0x7fc03c2e3d30' of type 'MaiAtkType139'

(firefox:8076): GLib-GObject-WARNING **: /build/glib2.0-7ZsPUq/glib2.0-2.48.2/./gobject/gsignal.c:3486: signal name 'selection_changed' is invalid for instance '0x7fc03c2e3fb0' of type 'MaiAtkType139'

(firefox:8076): GLib-GObject-WARNING **: /build/glib2.0-7ZsPUq/glib2.0-2.48.2/./gobject/gsignal.c:3486: signal name 'selection_changed' is invalid for instance '0x7fc03c322290' of type 'MaiAtkType139'
1556109817211	Marionette	INFO	Stopped listening on port 36795
[Parent 8076, Gecko_IOThread] WARNING: pipe error (78): Connection reset by peer: file /build/firefox-i2nBcb/firefox-66.0.3+build1/ipc/chromium/src/chrome/common/ipc_channel_posix.cc, line 357
[Parent 8076, Gecko_IOThread] WARNING: pipe error (92): Connection reset by peer: file /build/firefox-i2nBcb/firefox-66.0.3+build1/ipc/chromium/src/chrome/common/ipc_channel_posix.cc, line 357
1556110373358	mozrunner::runner	INFO	Running command: "/usr/bin/firefox" "-marionette" "-foreground" "-no-remote" "-profile" "/tmp/rust_mozprofile.qIFT4unP8AgE"
1556110373655	addons.webextension.screenshots@mozilla.org	WARN	Loading extension 'screenshots@mozilla.org': Reading manifest: Invalid extension permission: mozillaAddons
1556110373655	addons.webextension.screenshots@mozilla.org	WARN	Loading extension 'screenshots@mozilla.org': Reading manifest: Invalid extension permission: resource://pdf.js/
1556110373655	addons.webextension.screenshots@mozilla.org	WARN	Loading extension 'screenshots@mozilla.org': Reading manifest: Invalid extension permission: about:reader*
1556110375010	Marionette	INFO	Listening on port 33481
1556110375069	Marionette	WARN	TLS certificate errors will be ignored for this session

(firefox:9691): GLib-GObject-WARNING **: /build/glib2.0-7ZsPUq/glib2.0-2.48.2/./gobject/gsignal.c:3486: signal name 'selection_changed' is invalid for instance '0x7fadfd48d7e0' of type 'MaiAtkType139'

(firefox:9691): GLib-GObject-WARNING **: /build/glib2.0-7ZsPUq/glib2.0-2.48.2/./gobject/gsignal.c:3486: signal name 'selection_changed' is invalid for instance '0x7fadfd48da60' of type 'MaiAtkType139'
1556110382427	Marionette	INFO	Stopped listening on port 33481
[Parent 9691, Gecko_IOThread] WARNING: pipe error (95): Connection reset by peer: file /build/firefox-i2nBcb/firefox-66.0.3+build1/ipc/chromium/src/chrome/common/ipc_channel_posix.cc, line 357
1556110866480	mozrunner::runner	INFO	Running command: "/usr/bin/firefox" "-marionette" "-foreground" "-no-remote" "-profile" "/tmp/rust_mozprofile.ltWqjycODziD"
1556110866781	addons.webextension.screenshots@mozilla.org	WARN	Loading extension 'screenshots@mozilla.org': Reading manifest: Invalid extension permission: mozillaAddons
1556110866782	addons.webextension.screenshots@mozilla.org	WARN	Loading extension 'screenshots@mozilla.org': Reading manifest: Invalid extension permission: resource://pdf.js/
1556110866782	addons.webextension.screenshots@mozilla.org	WARN	Loading extension 'screenshots@mozilla.org': Reading manifest: Invalid extension permission: about:reader*
1556110868108	Marionette	INFO	Listening on port 46123
1556110868185	Marionette	WARN	TLS certificate errors will be ignored for this session

(firefox:11239): GLib-GObject-WARNING **: /build/glib2.0-7ZsPUq/glib2.0-2.48.2/./gobject/gsignal.c:3486: signal name 'selection_changed' is invalid for instance '0x7f2f3f33c6f0' of type 'MaiAtkType139'

(firefox:11239): GLib-GObject-WARNING **: /build/glib2.0-7ZsPUq/glib2.0-2.48.2/./gobject/gsignal.c:3486: signal name 'selection_changed' is invalid for instance '0x7f2f3f33c970' of type 'MaiAtkType139'
1556110876017	Marionette	INFO	Stopped listening on port 46123
[Parent 11239, Gecko_IOThread] WARNING: pipe error (78): Connection reset by peer: file /build/firefox-i2nBcb/firefox-66.0.3+build1/ipc/chromium/src/chrome/common/ipc_channel_posix.cc, line 357
